<?xml version="1.0" encoding="UTF-8" ?>
<testsuite failures="0" time="0.086" errors="0" skipped="0" tests="5" name="com.dagitab.util.DateConverterTest">
  <properties>
    <property name="java.runtime.name" value="Java(TM) SE Runtime Environment"/>
    <property name="sun.boot.library.path" value="/usr/lib/jvm/java-6-sun-1.6.0.13/jre/lib/amd64"/>
    <property name="java.vm.version" value="11.3-b02"/>
    <property name="java.vm.vendor" value="Sun Microsystems Inc."/>
    <property name="java.vendor.url" value="http://java.sun.com/"/>
    <property name="path.separator" value=":"/>
    <property name="java.vm.name" value="Java HotSpot(TM) 64-Bit Server VM"/>
    <property name="file.encoding.pkg" value="sun.io"/>
    <property name="user.country" value="PH"/>
    <property name="sun.java.launcher" value="SUN_STANDARD"/>
    <property name="sun.os.patch.level" value="unknown"/>
    <property name="java.vm.specification.name" value="Java Virtual Machine Specification"/>
    <property name="user.dir" value="/home/james/workspace/pos/pos-core"/>
    <property name="java.runtime.version" value="1.6.0_13-b03"/>
    <property name="java.awt.graphicsenv" value="sun.awt.X11GraphicsEnvironment"/>
    <property name="basedir" value="/home/james/workspace/pos/pos-core"/>
    <property name="java.endorsed.dirs" value="/usr/lib/jvm/java-6-sun-1.6.0.13/jre/lib/endorsed"/>
    <property name="os.arch" value="amd64"/>
    <property name="surefire.real.class.path" value="/tmp/surefirebooter5921491968802874032.jar"/>
    <property name="java.io.tmpdir" value="/tmp"/>
    <property name="line.separator" value="
"/>
    <property name="java.vm.specification.vendor" value="Sun Microsystems Inc."/>
    <property name="os.name" value="Linux"/>
    <property name="sun.jnu.encoding" value="UTF-8"/>
    <property name="java.library.path" value="/usr/lib/jvm/java-6-sun-1.6.0.13/jre/lib/amd64/server:/usr/lib/jvm/java-6-sun-1.6.0.13/jre/lib/amd64:/usr/lib/jvm/java-6-sun-1.6.0.13/jre/../lib/amd64:/usr/java/packages/lib/amd64:/lib:/usr/lib"/>
    <property name="surefire.test.class.path" value="/home/james/workspace/pos/pos-core/target/test-classes:/home/james/workspace/pos/pos-core/target/classes:/home/james/.m2/repository/mysql/mysql-connector-java/5.0.5/mysql-connector-java-5.0.5.jar:/home/james/.m2/repository/commons-beanutils/commons-beanutils/1.7.0/commons-beanutils-1.7.0.jar:/home/james/.m2/repository/commons-logging/commons-logging/1.0.3/commons-logging-1.0.3.jar:/home/james/.m2/repository/commons-collections/commons-collections/3.2/commons-collections-3.2.jar:/home/james/.m2/repository/commons-lang/commons-lang/2.3/commons-lang-2.3.jar:/home/james/.m2/repository/javax/mail/mail/1.4/mail-1.4.jar:/home/james/.m2/repository/javax/activation/activation/1.1/activation-1.1.jar:/home/james/.m2/repository/javax/persistence/persistence-api/1.0/persistence-api-1.0.jar:/home/james/.m2/repository/junit/junit/4.4/junit-4.4.jar:/home/james/.m2/repository/log4j/log4j/1.2.13/log4j-1.2.13.jar:/home/james/.m2/repository/net/sf/ehcache/ehcache/1.4.1/ehcache-1.4.1.jar:/home/james/.m2/repository/net/sf/jsr107cache/jsr107cache/1.0/jsr107cache-1.0.jar:/home/james/.m2/repository/backport-util-concurrent/backport-util-concurrent/3.1/backport-util-concurrent-3.1.jar:/home/james/.m2/repository/org/aspectj/aspectjweaver/1.6.0/aspectjweaver-1.6.0.jar:/home/james/.m2/repository/org/aspectj/aspectjrt/1.6.0/aspectjrt-1.6.0.jar:/home/james/.m2/repository/org/codehaus/xfire/xfire-java5/1.2.6/xfire-java5-1.2.6.jar:/home/james/.m2/repository/org/codehaus/xfire/xfire-aegis/1.2.6/xfire-aegis-1.2.6.jar:/home/james/.m2/repository/org/codehaus/xfire/xfire-core/1.2.6/xfire-core-1.2.6.jar:/home/james/.m2/repository/wsdl4j/wsdl4j/1.6.1/wsdl4j-1.6.1.jar:/home/james/.m2/repository/stax/stax-api/1.0.1/stax-api-1.0.1.jar:/home/james/.m2/repository/commons-codec/commons-codec/1.3/commons-codec-1.3.jar:/home/james/.m2/repository/org/codehaus/woodstox/wstx-asl/3.2.0/wstx-asl-3.2.0.jar:/home/james/.m2/repository/jdom/jdom/1.0/jdom-1.0.jar:/home/james/.m2/repository/commons-httpclient/commons-httpclient/3.0/commons-httpclient-3.0.jar:/home/james/.m2/repository/net/java/dev/stax-utils/stax-utils/20040917/stax-utils-20040917.jar:/home/james/.m2/repository/org/codehaus/xfire/xfire-annotations/1.2.6/xfire-annotations-1.2.6.jar:/home/james/.m2/repository/xfire/xfire-jsr181-api/1.0-M1/xfire-jsr181-api-1.0-M1.jar:/home/james/.m2/repository/org/codehaus/xfire/xfire-spring/1.2.6/xfire-spring-1.2.6.jar:/home/james/.m2/repository/org/apache/xbean/xbean-spring/2.8/xbean-spring-2.8.jar:/home/james/.m2/repository/org/codehaus/xfire/xfire-xmlbeans/1.2.6/xfire-xmlbeans-1.2.6.jar:/home/james/.m2/repository/xmlbeans/xbean/2.2.0/xbean-2.2.0.jar:/home/james/.m2/repository/org/hibernate/hibernate/3.2.6.ga/hibernate-3.2.6.ga.jar:/home/james/.m2/repository/javax/transaction/jta/1.0.1B/jta-1.0.1B.jar:/home/james/.m2/repository/asm/asm-attrs/1.5.3/asm-attrs-1.5.3.jar:/home/james/.m2/repository/dom4j/dom4j/1.6.1/dom4j-1.6.1.jar:/home/james/.m2/repository/antlr/antlr/2.7.6/antlr-2.7.6.jar:/home/james/.m2/repository/cglib/cglib/2.1_3/cglib-2.1_3.jar:/home/james/.m2/repository/asm/asm/1.5.3/asm-1.5.3.jar:/home/james/.m2/repository/org/hibernate/hibernate-annotations/3.3.0.ga/hibernate-annotations-3.3.0.ga.jar:/home/james/.m2/repository/org/hibernate/hibernate-commons-annotations/3.3.0.ga/hibernate-commons-annotations-3.3.0.ga.jar:/home/james/.m2/repository/org/jmock/jmock/2.4.0/jmock-2.4.0.jar:/home/james/.m2/repository/org/hamcrest/hamcrest-core/1.1/hamcrest-core-1.1.jar:/home/james/.m2/repository/org/hamcrest/hamcrest-library/1.1/hamcrest-library-1.1.jar:/home/james/.m2/repository/org/jmock/jmock-junit4/2.4.0/jmock-junit4-2.4.0.jar:/home/james/.m2/repository/junit/junit-dep/4.4/junit-dep-4.4.jar:/home/james/.m2/repository/org/springframework/spring-test/2.5.4/spring-test-2.5.4.jar:/home/james/.m2/repository/org/springframework/spring-jdbc/2.5.4/spring-jdbc-2.5.4.jar:/home/james/.m2/repository/org/springframework/spring-beans/2.5.4/spring-beans-2.5.4.jar:/home/james/.m2/repository/org/springframework/spring-core/2.5.4/spring-core-2.5.4.jar:/home/james/.m2/repository/org/springframework/spring-context/2.5.4/spring-context-2.5.4.jar:/home/james/.m2/repository/aopalliance/aopalliance/1.0/aopalliance-1.0.jar:/home/james/.m2/repository/org/springframework/spring-tx/2.5.4/spring-tx-2.5.4.jar:/home/james/.m2/repository/org/springframework/spring-orm/2.5.4/spring-orm-2.5.4.jar:/home/james/.m2/repository/org/springframework/spring-aop/2.5.4/spring-aop-2.5.4.jar:/home/james/.m2/repository/org/springframework/spring-aspects/2.5.4/spring-aspects-2.5.4.jar:/home/james/.m2/repository/org/springframework/spring-context-support/2.5.4/spring-context-support-2.5.4.jar:/home/james/.m2/repository/org/springframework/security/spring-security-core-tiger/2.0.1/spring-security-core-tiger-2.0.1.jar:/home/james/.m2/repository/org/springframework/security/spring-security-core/2.0.1/spring-security-core-2.0.1.jar:/home/james/.m2/repository/org/subethamail/subethasmtp-wiser/1.2/subethasmtp-wiser-1.2.jar:/home/james/.m2/repository/org/subethamail/subethasmtp-smtp/1.2/subethasmtp-smtp-1.2.jar:/home/james/.m2/repository/velocity/velocity/1.4/velocity-1.4.jar:/home/james/.m2/repository/velocity/velocity-dep/1.4/velocity-dep-1.4.jar:"/>
    <property name="java.specification.name" value="Java Platform API Specification"/>
    <property name="java.class.version" value="50.0"/>
    <property name="sun.management.compiler" value="HotSpot 64-Bit Server Compiler"/>
    <property name="os.version" value="2.6.28-11-generic"/>
    <property name="user.home" value="/home/james"/>
    <property name="user.timezone" value="Asia/Manila"/>
    <property name="java.awt.printerjob" value="sun.print.PSPrinterJob"/>
    <property name="file.encoding" value="UTF-8"/>
    <property name="java.specification.version" value="1.6"/>
    <property name="user.name" value="james"/>
    <property name="java.class.path" value="/home/james/workspace/pos/pos-core/target/test-classes:/home/james/workspace/pos/pos-core/target/classes:/home/james/.m2/repository/mysql/mysql-connector-java/5.0.5/mysql-connector-java-5.0.5.jar:/home/james/.m2/repository/commons-beanutils/commons-beanutils/1.7.0/commons-beanutils-1.7.0.jar:/home/james/.m2/repository/commons-logging/commons-logging/1.0.3/commons-logging-1.0.3.jar:/home/james/.m2/repository/commons-collections/commons-collections/3.2/commons-collections-3.2.jar:/home/james/.m2/repository/commons-lang/commons-lang/2.3/commons-lang-2.3.jar:/home/james/.m2/repository/javax/mail/mail/1.4/mail-1.4.jar:/home/james/.m2/repository/javax/activation/activation/1.1/activation-1.1.jar:/home/james/.m2/repository/javax/persistence/persistence-api/1.0/persistence-api-1.0.jar:/home/james/.m2/repository/junit/junit/4.4/junit-4.4.jar:/home/james/.m2/repository/log4j/log4j/1.2.13/log4j-1.2.13.jar:/home/james/.m2/repository/net/sf/ehcache/ehcache/1.4.1/ehcache-1.4.1.jar:/home/james/.m2/repository/net/sf/jsr107cache/jsr107cache/1.0/jsr107cache-1.0.jar:/home/james/.m2/repository/backport-util-concurrent/backport-util-concurrent/3.1/backport-util-concurrent-3.1.jar:/home/james/.m2/repository/org/aspectj/aspectjweaver/1.6.0/aspectjweaver-1.6.0.jar:/home/james/.m2/repository/org/aspectj/aspectjrt/1.6.0/aspectjrt-1.6.0.jar:/home/james/.m2/repository/org/codehaus/xfire/xfire-java5/1.2.6/xfire-java5-1.2.6.jar:/home/james/.m2/repository/org/codehaus/xfire/xfire-aegis/1.2.6/xfire-aegis-1.2.6.jar:/home/james/.m2/repository/org/codehaus/xfire/xfire-core/1.2.6/xfire-core-1.2.6.jar:/home/james/.m2/repository/wsdl4j/wsdl4j/1.6.1/wsdl4j-1.6.1.jar:/home/james/.m2/repository/stax/stax-api/1.0.1/stax-api-1.0.1.jar:/home/james/.m2/repository/commons-codec/commons-codec/1.3/commons-codec-1.3.jar:/home/james/.m2/repository/org/codehaus/woodstox/wstx-asl/3.2.0/wstx-asl-3.2.0.jar:/home/james/.m2/repository/jdom/jdom/1.0/jdom-1.0.jar:/home/james/.m2/repository/commons-httpclient/commons-httpclient/3.0/commons-httpclient-3.0.jar:/home/james/.m2/repository/net/java/dev/stax-utils/stax-utils/20040917/stax-utils-20040917.jar:/home/james/.m2/repository/org/codehaus/xfire/xfire-annotations/1.2.6/xfire-annotations-1.2.6.jar:/home/james/.m2/repository/xfire/xfire-jsr181-api/1.0-M1/xfire-jsr181-api-1.0-M1.jar:/home/james/.m2/repository/org/codehaus/xfire/xfire-spring/1.2.6/xfire-spring-1.2.6.jar:/home/james/.m2/repository/org/apache/xbean/xbean-spring/2.8/xbean-spring-2.8.jar:/home/james/.m2/repository/org/codehaus/xfire/xfire-xmlbeans/1.2.6/xfire-xmlbeans-1.2.6.jar:/home/james/.m2/repository/xmlbeans/xbean/2.2.0/xbean-2.2.0.jar:/home/james/.m2/repository/org/hibernate/hibernate/3.2.6.ga/hibernate-3.2.6.ga.jar:/home/james/.m2/repository/javax/transaction/jta/1.0.1B/jta-1.0.1B.jar:/home/james/.m2/repository/asm/asm-attrs/1.5.3/asm-attrs-1.5.3.jar:/home/james/.m2/repository/dom4j/dom4j/1.6.1/dom4j-1.6.1.jar:/home/james/.m2/repository/antlr/antlr/2.7.6/antlr-2.7.6.jar:/home/james/.m2/repository/cglib/cglib/2.1_3/cglib-2.1_3.jar:/home/james/.m2/repository/asm/asm/1.5.3/asm-1.5.3.jar:/home/james/.m2/repository/org/hibernate/hibernate-annotations/3.3.0.ga/hibernate-annotations-3.3.0.ga.jar:/home/james/.m2/repository/org/hibernate/hibernate-commons-annotations/3.3.0.ga/hibernate-commons-annotations-3.3.0.ga.jar:/home/james/.m2/repository/org/jmock/jmock/2.4.0/jmock-2.4.0.jar:/home/james/.m2/repository/org/hamcrest/hamcrest-core/1.1/hamcrest-core-1.1.jar:/home/james/.m2/repository/org/hamcrest/hamcrest-library/1.1/hamcrest-library-1.1.jar:/home/james/.m2/repository/org/jmock/jmock-junit4/2.4.0/jmock-junit4-2.4.0.jar:/home/james/.m2/repository/junit/junit-dep/4.4/junit-dep-4.4.jar:/home/james/.m2/repository/org/springframework/spring-test/2.5.4/spring-test-2.5.4.jar:/home/james/.m2/repository/org/springframework/spring-jdbc/2.5.4/spring-jdbc-2.5.4.jar:/home/james/.m2/repository/org/springframework/spring-beans/2.5.4/spring-beans-2.5.4.jar:/home/james/.m2/repository/org/springframework/spring-core/2.5.4/spring-core-2.5.4.jar:/home/james/.m2/repository/org/springframework/spring-context/2.5.4/spring-context-2.5.4.jar:/home/james/.m2/repository/aopalliance/aopalliance/1.0/aopalliance-1.0.jar:/home/james/.m2/repository/org/springframework/spring-tx/2.5.4/spring-tx-2.5.4.jar:/home/james/.m2/repository/org/springframework/spring-orm/2.5.4/spring-orm-2.5.4.jar:/home/james/.m2/repository/org/springframework/spring-aop/2.5.4/spring-aop-2.5.4.jar:/home/james/.m2/repository/org/springframework/spring-aspects/2.5.4/spring-aspects-2.5.4.jar:/home/james/.m2/repository/org/springframework/spring-context-support/2.5.4/spring-context-support-2.5.4.jar:/home/james/.m2/repository/org/springframework/security/spring-security-core-tiger/2.0.1/spring-security-core-tiger-2.0.1.jar:/home/james/.m2/repository/org/springframework/security/spring-security-core/2.0.1/spring-security-core-2.0.1.jar:/home/james/.m2/repository/org/subethamail/subethasmtp-wiser/1.2/subethasmtp-wiser-1.2.jar:/home/james/.m2/repository/org/subethamail/subethasmtp-smtp/1.2/subethasmtp-smtp-1.2.jar:/home/james/.m2/repository/velocity/velocity/1.4/velocity-1.4.jar:/home/james/.m2/repository/velocity/velocity-dep/1.4/velocity-dep-1.4.jar:"/>
    <property name="java.vm.specification.version" value="1.0"/>
    <property name="sun.arch.data.model" value="64"/>
    <property name="java.home" value="/usr/lib/jvm/java-6-sun-1.6.0.13/jre"/>
    <property name="java.specification.vendor" value="Sun Microsystems Inc."/>
    <property name="user.language" value="en"/>
    <property name="java.vm.info" value="mixed mode"/>
    <property name="java.version" value="1.6.0_13"/>
    <property name="java.ext.dirs" value="/usr/lib/jvm/java-6-sun-1.6.0.13/jre/lib/ext:/usr/java/packages/lib/ext"/>
    <property name="sun.boot.class.path" value="/usr/lib/jvm/java-6-sun-1.6.0.13/jre/lib/resources.jar:/usr/lib/jvm/java-6-sun-1.6.0.13/jre/lib/rt.jar:/usr/lib/jvm/java-6-sun-1.6.0.13/jre/lib/sunrsasign.jar:/usr/lib/jvm/java-6-sun-1.6.0.13/jre/lib/jsse.jar:/usr/lib/jvm/java-6-sun-1.6.0.13/jre/lib/jce.jar:/usr/lib/jvm/java-6-sun-1.6.0.13/jre/lib/charsets.jar:/usr/lib/jvm/java-6-sun-1.6.0.13/jre/classes"/>
    <property name="java.vendor" value="Sun Microsystems Inc."/>
    <property name="localRepository" value="/home/james/.m2/repository"/>
    <property name="file.separator" value="/"/>
    <property name="java.vendor.url.bug" value="http://java.sun.com/cgi-bin/bugreport.cgi"/>
    <property name="sun.cpu.endian" value="little"/>
    <property name="sun.io.unicode.encoding" value="UnicodeLittle"/>
    <property name="sun.desktop" value="gnome"/>
    <property name="sun.cpu.isalist" value=""/>
  </properties>
  <testcase time="0.079" classname="com.dagitab.util.DateConverterTest" name="testInternationalization"/>
  <testcase time="0" classname="com.dagitab.util.DateConverterTest" name="testConvertStringToDate"/>
  <testcase time="0.001" classname="com.dagitab.util.DateConverterTest" name="testConvertDateToString"/>
  <testcase time="0.001" classname="com.dagitab.util.DateConverterTest" name="testConvertStringToTimestamp"/>
  <testcase time="0.001" classname="com.dagitab.util.DateConverterTest" name="testConvertTimestampToString"/>
</testsuite>